Inspection path planner version 1.0.0
Scenario:
Number of facets:	10248
Number of obstacles:	0
Space center:		(0, 0, 0)
Space size:		(100, 100, 50)
Starting point:		(0, 32, 0)
Angle of incidence:	0.523599rad
Range:			(1, 20)m
Number of iterations:	10
Linear speed:		1m/s
Yaw rate:		0.5rad/s
Field of view [h,v]:	[2.0944, 2.0944]rad
Camera pitch:		0.093026rad


====================================
====== Starting Iteration   0 ======
====================================

====================================
====== Starting Iteration   1 ======
====================================

====================================
====== Starting Iteration   2 ======
====================================

====================================
====== Starting Iteration   3 ======
====================================

====================================
====== Starting Iteration   4 ======
====================================

====================================
====== Starting Iteration   5 ======
====================================

====================================
====== Starting Iteration   6 ======
====================================

====================================
====== Starting Iteration   7 ======
====================================

====================================
====== Starting Iteration   8 ======
====================================

====================================
====== Starting Iteration   9 ======
====================================
